I0629 19:04:12.517398 33690 caffe.cpp:414] Use CPU.
I0629 19:04:12.519382 33690 upgrade_proto.cpp:51] Attempting to upgrade input file specified using deprecated V1LayerParameter: ../../../../benchmark-models/vgg_a.prototxt
I0629 19:04:12.519474 33690 upgrade_proto.cpp:59] Successfully upgraded file specified using deprecated V1LayerParameter
I0629 19:04:12.519492 33690 upgrade_proto.cpp:65] Attempting to upgrade input file specified using deprecated input fields: ../../../../benchmark-models/vgg_a.prototxt
I0629 19:04:12.519500 33690 upgrade_proto.cpp:68] Successfully upgraded file specified using deprecated input fields.
W0629 19:04:12.519503 33690 upgrade_proto.cpp:70] Note that future Caffe releases will only support input layers and not input fields.
I0629 19:04:12.520027 33690 cpu_info.cpp:365] Processor speed [MHz]: 2900
I0629 19:04:12.520038 33690 cpu_info.cpp:368] Total number of sockets: 2
I0629 19:04:12.520041 33690 cpu_info.cpp:371] Total number of CPU cores: 18
I0629 19:04:12.520056 33690 cpu_info.cpp:374] Total number of processors: 36
I0629 19:04:12.520057 33690 cpu_info.cpp:377] GPU is used: no
I0629 19:04:12.520059 33690 cpu_info.cpp:380] OpenMP environmental variables are specified: yes
I0629 19:04:12.520061 33690 cpu_info.cpp:383] OpenMP thread bind allowed: no
I0629 19:04:12.524775 33690 cpu_info.cpp:386] Number of OpenMP threads: 36
I0629 19:04:12.525264 33690 net.cpp:65] Initializing net from parameters: 
name: "vgg_a"
force_backward: true
state {
  phase: TRAIN
}
layer {
  name: "input"
  type: "Input"
  top: "data"
  input_param {
    shape {
      dim: 10
      dim: 3
      dim: 224
      dim: 224
    }
  }
}
layer {
  name: "conv1/3x3_s1"
  type: "Convolution"
  bottom: "data"
  top: "conv1/3x3_s1"
  param {
    lr_mult: 1
    decay_mult: 1
  }
  param {
    lr_mult: 2
    decay_mult: 0
  }
  convolution_param {
    num_output: 64
    pad: 1
    kernel_size: 3
    stride: 1
    weight_filler {
      type: "xavier"
      std: 0.1
    }
    bias_filler {
      type: "constant"
      value: 0.2
    }
  }
}
layer {
  name: "conv1/relu"
  type: "ReLU"
  bottom: "conv1/3x3_s1"
  top: "conv1/3x3_s1"
}
layer {
  name: "pool1/2x2_s2"
  type: "Pooling"
  bottom: "conv1/3x3_s1"
  top: "pool1/2x2_s2"
  pooling_param {
    pool: MAX
    kernel_size: 2
    stride: 2
  }
}
layer {
  name: "conv2/3x3_s1"
  type: "Convolution"
  bottom: "pool1/2x2_s2"
  top: "conv2/3x3_s1"
  param {
    lr_mult: 1
    decay_mult: 1
  }
  param {
    lr_mult: 2
    decay_mult: 0
  }
  convolution_param {
    num_output: 128
    pad: 1
    kernel_size: 3
    stride: 1
    weight_filler {
      type: "xavier"
      std: 0.1
    }
    bias_filler {
      type: "constant"
      value: 0.2
    }
  }
}
layer {
  name: "conv2/relu"
  type: "ReLU"
  bottom: "conv2/3x3_s1"
  top: "conv2/3x3_s1"
}
layer {
  name: "pool2/2x2_s2"
  type: "Pooling"
  bottom: "conv2/3x3_s1"
  top: "pool2/2x2_s2"
  pooling_param {
    pool: MAX
    kernel_size: 2
    stride: 2
  }
}
layer {
  name: "conv3/3x3_s1"
  type: "Convolution"
  bottom: "pool2/2x2_s2"
  top: "conv3/3x3_s1"
  param {
    lr_mult: 1
    decay_mult: 1
  }
  param {
    lr_mult: 2
    decay_mult: 0
  }
  convolution_param {
    num_output: 256
    pad: 1
    kernel_size: 3
    stride: 1
    weight_filler {
      type: "xavier"
      std: 0.1
    }
    bias_filler {
      type: "constant"
      value: 0.2
    }
  }
}
layer {
  name: "conv3/relu"
  type: "ReLU"
  bottom: "conv3/3x3_s1"
  top: "conv3/3x3_s1"
}
layer {
  name: "conv4/3x3_s1"
  type: "Convolution"
  bottom: "conv3/3x3_s1"
  top: "conv4/3x3_s1"
  param {
    lr_mult: 1
    decay_mult: 1
  }
  param {
    lr_mult: 2
    decay_mult: 0
  }
  convolution_param {
    num_output: 256
    pad: 1
    kernel_size: 3
    stride: 1
    weight_filler {
      type: "xavier"
      std: 0.1
    }
    bias_filler {
      type: "constant"
      value: 0.2
    }
  }
}
layer {
  name: "conv4/relu"
  type: "ReLU"
  bottom: "conv4/3x3_s1"
  top: "conv4/3x3_s1"
}
layer {
  name: "pool3/2x2_s2"
  type: "Pooling"
  bottom: "conv4/3x3_s1"
  top: "pool3/2x2_s2"
  pooling_param {
    pool: MAX
    kernel_size: 2
    stride: 2
  }
}
layer {
  name: "conv5/3x3_s1"
  type: "Convolution"
  bottom: "pool3/2x2_s2"
  top: "conv5/3x3_s1"
  param {
    lr_mult: 1
    decay_mult: 1
  }
  param {
    lr_mult: 2
    decay_mult: 0
  }
  convolution_param {
    num_output: 512
    pad: 1
    kernel_size: 3
    stride: 1
    weight_filler {
      type: "xavier"
      std: 0.1
    }
    bias_filler {
      type: "constant"
      value: 0.2
    }
  }
}
layer {
  name: "conv5/relu"
  type: "ReLU"
  bottom: "conv5/3x3_s1"
  top: "conv5/3x3_s1"
}
layer {
  name: "conv6/3x3_s1"
  type: "Convolution"
  bottom: "conv5/3x3_s1"
  top: "conv6/3x3_s1"
  param {
    lr_mult: 1
    decay_mult: 1
  }
  param {
    lr_mult: 2
    decay_mult: 0
  }
  convolution_param {
    num_output: 512
    pad: 1
    kernel_size: 3
    stride: 1
    weight_filler {
      type: "xavier"
      std: 0.1
    }
    bias_filler {
      type: "constant"
      value: 0.2
    }
  }
}
layer {
  name: "conv6/relu"
  type: "ReLU"
  bottom: "conv6/3x3_s1"
  top: "conv6/3x3_s1"
}
layer {
  name: "pool4/2x2_s2"
  type: "Pooling"
  bottom: "conv6/3x3_s1"
  top: "pool4/2x2_s2"
  pooling_param {
    pool: MAX
    kernel_size: 2
    stride: 2
  }
}
layer {
  name: "conv7/3x3_s1"
  type: "Convolution"
  bottom: "pool4/2x2_s2"
  top: "conv7/3x3_s1"
  param {
    lr_mult: 1
    decay_mult: 1
  }
  param {
    lr_mult: 2
    decay_mult: 0
  }
  convolution_param {
    num_output: 512
    pad: 1
    kernel_size: 3
    stride: 1
    weight_filler {
      type: "xavier"
      std: 0.1
    }
    bias_filler {
      type: "constant"
      value: 0.2
    }
  }
}
layer {
  name: "conv7/relu"
  type: "ReLU"
  bottom: "conv7/3x3_s1"
  top: "conv7/3x3_s1"
}
layer {
  name: "conv8/3x3_s1"
  type: "Convolution"
  bottom: "conv7/3x3_s1"
  top: "conv8/3x3_s1"
  param {
    lr_mult: 1
    decay_mult: 1
  }
  param {
    lr_mult: 2
    decay_mult: 0
  }
  convolution_param {
    num_output: 512
    pad: 1
    kernel_size: 3
    stride: 1
    weight_filler {
      type: "xavier"
      std: 0.1
    }
    bias_filler {
      type: "constant"
      value: 0.2
    }
  }
}
layer {
  name: "conv8/relu"
  type: "ReLU"
  bottom: "conv8/3x3_s1"
  top: "conv8/3x3_s1"
}
layer {
  name: "pool5/2x2_s2"
  type: "Pooling"
  bottom: "conv8/3x3_s1"
  top: "pool5/2x2_s2"
  pooling_param {
    pool: MAX
    kernel_size: 2
    stride: 2
  }
}
layer {
  name: "fc6"
  type: "InnerProduct"
  bottom: "pool5/2x2_s2"
  top: "fc6"
  inner_product_param {
    num_output: 4096
  }
}
layer {
  name: "fc7"
  type: "InnerProduct"
  bottom: "fc6"
  top: "fc7"
  inner_product_param {
    num_output: 4096
  }
}
layer {
  name: "fc8"
  type: "InnerProduct"
  bottom: "fc7"
  top: "fc8"
  inner_product_param {
    num_output: 1000
  }
}
I0629 19:04:12.525501 33690 layer_factory.hpp:77] Creating layer input
I0629 19:04:12.525534 33690 net.cpp:107] Creating Layer input
I0629 19:04:12.525549 33690 net.cpp:417] input -> data
I0629 19:04:12.617403 33690 net.cpp:157] Setting up input
I0629 19:04:12.617440 33690 net.cpp:164] Top shape: 10 3 224 224 (1505280)
I0629 19:04:12.617444 33690 net.cpp:172] Memory required for data: 6021120
I0629 19:04:12.617449 33690 layer_factory.hpp:77] Creating layer conv1/3x3_s1
I0629 19:04:12.617462 33690 net.cpp:107] Creating Layer conv1/3x3_s1
I0629 19:04:12.617467 33690 net.cpp:443] conv1/3x3_s1 <- data
I0629 19:04:12.617475 33690 net.cpp:417] conv1/3x3_s1 -> conv1/3x3_s1
I0629 19:04:12.646018 33690 net.cpp:157] Setting up conv1/3x3_s1
I0629 19:04:12.646229 33690 net.cpp:164] Top shape: 10 64 224 224 (32112640)
I0629 19:04:12.646291 33690 net.cpp:172] Memory required for data: 134471680
I0629 19:04:12.646373 33690 layer_factory.hpp:77] Creating layer conv1/relu
I0629 19:04:12.646455 33690 net.cpp:107] Creating Layer conv1/relu
I0629 19:04:12.646518 33690 net.cpp:443] conv1/relu <- conv1/3x3_s1
I0629 19:04:12.646582 33690 net.cpp:404] conv1/relu -> conv1/3x3_s1 (in-place)
I0629 19:04:12.646642 33690 net.cpp:157] Setting up conv1/relu
I0629 19:04:12.646692 33690 net.cpp:164] Top shape: 10 64 224 224 (32112640)
I0629 19:04:12.646749 33690 net.cpp:172] Memory required for data: 262922240
I0629 19:04:12.646809 33690 layer_factory.hpp:77] Creating layer pool1/2x2_s2
I0629 19:04:12.646903 33690 net.cpp:107] Creating Layer pool1/2x2_s2
I0629 19:04:12.646953 33690 net.cpp:443] pool1/2x2_s2 <- conv1/3x3_s1
I0629 19:04:12.646999 33690 net.cpp:417] pool1/2x2_s2 -> pool1/2x2_s2
I0629 19:04:12.647068 33690 net.cpp:157] Setting up pool1/2x2_s2
I0629 19:04:12.647119 33690 net.cpp:164] Top shape: 10 64 112 112 (8028160)
I0629 19:04:12.647161 33690 net.cpp:172] Memory required for data: 295034880
I0629 19:04:12.647203 33690 layer_factory.hpp:77] Creating layer conv2/3x3_s1
I0629 19:04:12.647269 33690 net.cpp:107] Creating Layer conv2/3x3_s1
I0629 19:04:12.647310 33690 net.cpp:443] conv2/3x3_s1 <- pool1/2x2_s2
I0629 19:04:12.647351 33690 net.cpp:417] conv2/3x3_s1 -> conv2/3x3_s1
I0629 19:04:12.733088 33690 net.cpp:157] Setting up conv2/3x3_s1
I0629 19:04:12.733253 33690 net.cpp:164] Top shape: 10 128 112 112 (16056320)
I0629 19:04:12.733304 33690 net.cpp:172] Memory required for data: 359260160
I0629 19:04:12.733368 33690 layer_factory.hpp:77] Creating layer conv2/relu
I0629 19:04:12.733431 33690 net.cpp:107] Creating Layer conv2/relu
I0629 19:04:12.733484 33690 net.cpp:443] conv2/relu <- conv2/3x3_s1
I0629 19:04:12.733536 33690 net.cpp:404] conv2/relu -> conv2/3x3_s1 (in-place)
I0629 19:04:12.733594 33690 net.cpp:157] Setting up conv2/relu
I0629 19:04:12.733640 33690 net.cpp:164] Top shape: 10 128 112 112 (16056320)
I0629 19:04:12.733680 33690 net.cpp:172] Memory required for data: 423485440
I0629 19:04:12.733718 33690 layer_factory.hpp:77] Creating layer pool2/2x2_s2
I0629 19:04:12.733793 33690 net.cpp:107] Creating Layer pool2/2x2_s2
I0629 19:04:12.733845 33690 net.cpp:443] pool2/2x2_s2 <- conv2/3x3_s1
I0629 19:04:12.733888 33690 net.cpp:417] pool2/2x2_s2 -> pool2/2x2_s2
I0629 19:04:12.733947 33690 net.cpp:157] Setting up pool2/2x2_s2
I0629 19:04:12.733994 33690 net.cpp:164] Top shape: 10 128 56 56 (4014080)
I0629 19:04:12.734033 33690 net.cpp:172] Memory required for data: 439541760
I0629 19:04:12.734071 33690 layer_factory.hpp:77] Creating layer conv3/3x3_s1
I0629 19:04:12.734124 33690 net.cpp:107] Creating Layer conv3/3x3_s1
I0629 19:04:12.734166 33690 net.cpp:443] conv3/3x3_s1 <- pool2/2x2_s2
I0629 19:04:12.734208 33690 net.cpp:417] conv3/3x3_s1 -> conv3/3x3_s1
I0629 19:04:12.776307 33690 net.cpp:157] Setting up conv3/3x3_s1
I0629 19:04:12.776463 33690 net.cpp:164] Top shape: 10 256 56 56 (8028160)
I0629 19:04:12.776512 33690 net.cpp:172] Memory required for data: 471654400
I0629 19:04:12.776576 33690 layer_factory.hpp:77] Creating layer conv3/relu
I0629 19:04:12.776648 33690 net.cpp:107] Creating Layer conv3/relu
I0629 19:04:12.776710 33690 net.cpp:443] conv3/relu <- conv3/3x3_s1
I0629 19:04:12.776763 33690 net.cpp:404] conv3/relu -> conv3/3x3_s1 (in-place)
I0629 19:04:12.776821 33690 net.cpp:157] Setting up conv3/relu
I0629 19:04:12.776870 33690 net.cpp:164] Top shape: 10 256 56 56 (8028160)
I0629 19:04:12.776908 33690 net.cpp:172] Memory required for data: 503767040
I0629 19:04:12.776947 33690 layer_factory.hpp:77] Creating layer conv4/3x3_s1
I0629 19:04:12.776998 33690 net.cpp:107] Creating Layer conv4/3x3_s1
I0629 19:04:12.777037 33690 net.cpp:443] conv4/3x3_s1 <- conv3/3x3_s1
I0629 19:04:12.777082 33690 net.cpp:417] conv4/3x3_s1 -> conv4/3x3_s1
I0629 19:04:12.855705 33690 net.cpp:157] Setting up conv4/3x3_s1
I0629 19:04:12.855865 33690 net.cpp:164] Top shape: 10 256 56 56 (8028160)
I0629 19:04:12.855921 33690 net.cpp:172] Memory required for data: 535879680
I0629 19:04:12.855985 33690 layer_factory.hpp:77] Creating layer conv4/relu
I0629 19:04:12.856050 33690 net.cpp:107] Creating Layer conv4/relu
I0629 19:04:12.856107 33690 net.cpp:443] conv4/relu <- conv4/3x3_s1
I0629 19:04:12.856163 33690 net.cpp:404] conv4/relu -> conv4/3x3_s1 (in-place)
I0629 19:04:12.856225 33690 net.cpp:157] Setting up conv4/relu
I0629 19:04:12.856282 33690 net.cpp:164] Top shape: 10 256 56 56 (8028160)
I0629 19:04:12.856333 33690 net.cpp:172] Memory required for data: 567992320
I0629 19:04:12.856400 33690 layer_factory.hpp:77] Creating layer pool3/2x2_s2
I0629 19:04:12.856472 33690 net.cpp:107] Creating Layer pool3/2x2_s2
I0629 19:04:12.856513 33690 net.cpp:443] pool3/2x2_s2 <- conv4/3x3_s1
I0629 19:04:12.856559 33690 net.cpp:417] pool3/2x2_s2 -> pool3/2x2_s2
I0629 19:04:12.856614 33690 net.cpp:157] Setting up pool3/2x2_s2
I0629 19:04:12.856657 33690 net.cpp:164] Top shape: 10 256 28 28 (2007040)
I0629 19:04:12.856691 33690 net.cpp:172] Memory required for data: 576020480
I0629 19:04:12.856727 33690 layer_factory.hpp:77] Creating layer conv5/3x3_s1
I0629 19:04:12.856775 33690 net.cpp:107] Creating Layer conv5/3x3_s1
I0629 19:04:12.856812 33690 net.cpp:443] conv5/3x3_s1 <- pool3/2x2_s2
I0629 19:04:12.856854 33690 net.cpp:417] conv5/3x3_s1 -> conv5/3x3_s1
I0629 19:04:12.895707 33690 net.cpp:157] Setting up conv5/3x3_s1
I0629 19:04:12.895869 33690 net.cpp:164] Top shape: 10 512 28 28 (4014080)
I0629 19:04:12.895926 33690 net.cpp:172] Memory required for data: 592076800
I0629 19:04:12.895997 33690 layer_factory.hpp:77] Creating layer conv5/relu
I0629 19:04:12.896059 33690 net.cpp:107] Creating Layer conv5/relu
I0629 19:04:12.896121 33690 net.cpp:443] conv5/relu <- conv5/3x3_s1
I0629 19:04:12.896181 33690 net.cpp:404] conv5/relu -> conv5/3x3_s1 (in-place)
I0629 19:04:12.896244 33690 net.cpp:157] Setting up conv5/relu
I0629 19:04:12.896299 33690 net.cpp:164] Top shape: 10 512 28 28 (4014080)
I0629 19:04:12.896353 33690 net.cpp:172] Memory required for data: 608133120
I0629 19:04:12.896396 33690 layer_factory.hpp:77] Creating layer conv6/3x3_s1
I0629 19:04:12.896453 33690 net.cpp:107] Creating Layer conv6/3x3_s1
I0629 19:04:12.896498 33690 net.cpp:443] conv6/3x3_s1 <- conv5/3x3_s1
I0629 19:04:12.896544 33690 net.cpp:417] conv6/3x3_s1 -> conv6/3x3_s1
I0629 19:04:12.971626 33690 net.cpp:157] Setting up conv6/3x3_s1
I0629 19:04:12.971787 33690 net.cpp:164] Top shape: 10 512 28 28 (4014080)
I0629 19:04:12.971843 33690 net.cpp:172] Memory required for data: 624189440
I0629 19:04:12.971906 33690 layer_factory.hpp:77] Creating layer conv6/relu
I0629 19:04:12.971968 33690 net.cpp:107] Creating Layer conv6/relu
I0629 19:04:12.972025 33690 net.cpp:443] conv6/relu <- conv6/3x3_s1
I0629 19:04:12.972082 33690 net.cpp:404] conv6/relu -> conv6/3x3_s1 (in-place)
I0629 19:04:12.972144 33690 net.cpp:157] Setting up conv6/relu
I0629 19:04:12.972201 33690 net.cpp:164] Top shape: 10 512 28 28 (4014080)
I0629 19:04:12.972259 33690 net.cpp:172] Memory required for data: 640245760
I0629 19:04:12.972312 33690 layer_factory.hpp:77] Creating layer pool4/2x2_s2
I0629 19:04:12.972405 33690 net.cpp:107] Creating Layer pool4/2x2_s2
I0629 19:04:12.972460 33690 net.cpp:443] pool4/2x2_s2 <- conv6/3x3_s1
I0629 19:04:12.972512 33690 net.cpp:417] pool4/2x2_s2 -> pool4/2x2_s2
I0629 19:04:12.972571 33690 net.cpp:157] Setting up pool4/2x2_s2
I0629 19:04:12.972618 33690 net.cpp:164] Top shape: 10 512 14 14 (1003520)
I0629 19:04:12.972659 33690 net.cpp:172] Memory required for data: 644259840
I0629 19:04:12.972702 33690 layer_factory.hpp:77] Creating layer conv7/3x3_s1
I0629 19:04:12.972759 33690 net.cpp:107] Creating Layer conv7/3x3_s1
I0629 19:04:12.972803 33690 net.cpp:443] conv7/3x3_s1 <- pool4/2x2_s2
I0629 19:04:12.972851 33690 net.cpp:417] conv7/3x3_s1 -> conv7/3x3_s1
I0629 19:04:13.022683 33690 net.cpp:157] Setting up conv7/3x3_s1
I0629 19:04:13.022725 33690 net.cpp:164] Top shape: 10 512 14 14 (1003520)
I0629 19:04:13.022729 33690 net.cpp:172] Memory required for data: 648273920
I0629 19:04:13.022739 33690 layer_factory.hpp:77] Creating layer conv7/relu
I0629 19:04:13.022752 33690 net.cpp:107] Creating Layer conv7/relu
I0629 19:04:13.022755 33690 net.cpp:443] conv7/relu <- conv7/3x3_s1
I0629 19:04:13.022774 33690 net.cpp:404] conv7/relu -> conv7/3x3_s1 (in-place)
I0629 19:04:13.022784 33690 net.cpp:157] Setting up conv7/relu
I0629 19:04:13.022789 33690 net.cpp:164] Top shape: 10 512 14 14 (1003520)
I0629 19:04:13.022791 33690 net.cpp:172] Memory required for data: 652288000
I0629 19:04:13.022794 33690 layer_factory.hpp:77] Creating layer conv8/3x3_s1
I0629 19:04:13.022825 33690 net.cpp:107] Creating Layer conv8/3x3_s1
I0629 19:04:13.022835 33690 net.cpp:443] conv8/3x3_s1 <- conv7/3x3_s1
I0629 19:04:13.022840 33690 net.cpp:417] conv8/3x3_s1 -> conv8/3x3_s1
I0629 19:04:13.067442 33690 net.cpp:157] Setting up conv8/3x3_s1
I0629 19:04:13.067502 33690 net.cpp:164] Top shape: 10 512 14 14 (1003520)
I0629 19:04:13.067505 33690 net.cpp:172] Memory required for data: 656302080
I0629 19:04:13.067518 33690 layer_factory.hpp:77] Creating layer conv8/relu
I0629 19:04:13.067528 33690 net.cpp:107] Creating Layer conv8/relu
I0629 19:04:13.067533 33690 net.cpp:443] conv8/relu <- conv8/3x3_s1
I0629 19:04:13.067540 33690 net.cpp:404] conv8/relu -> conv8/3x3_s1 (in-place)
I0629 19:04:13.067559 33690 net.cpp:157] Setting up conv8/relu
I0629 19:04:13.067564 33690 net.cpp:164] Top shape: 10 512 14 14 (1003520)
I0629 19:04:13.067566 33690 net.cpp:172] Memory required for data: 660316160
I0629 19:04:13.067569 33690 layer_factory.hpp:77] Creating layer pool5/2x2_s2
I0629 19:04:13.067595 33690 net.cpp:107] Creating Layer pool5/2x2_s2
I0629 19:04:13.067605 33690 net.cpp:443] pool5/2x2_s2 <- conv8/3x3_s1
I0629 19:04:13.067611 33690 net.cpp:417] pool5/2x2_s2 -> pool5/2x2_s2
I0629 19:04:13.067625 33690 net.cpp:157] Setting up pool5/2x2_s2
I0629 19:04:13.067631 33690 net.cpp:164] Top shape: 10 512 7 7 (250880)
I0629 19:04:13.067633 33690 net.cpp:172] Memory required for data: 661319680
I0629 19:04:13.067636 33690 layer_factory.hpp:77] Creating layer fc6
I0629 19:04:13.067647 33690 net.cpp:107] Creating Layer fc6
I0629 19:04:13.067651 33690 net.cpp:443] fc6 <- pool5/2x2_s2
I0629 19:04:13.067654 33690 net.cpp:417] fc6 -> fc6
I0629 19:04:13.215674 33690 net.cpp:157] Setting up fc6
I0629 19:04:13.215713 33690 net.cpp:164] Top shape: 10 4096 (40960)
I0629 19:04:13.215715 33690 net.cpp:172] Memory required for data: 661483520
I0629 19:04:13.215733 33690 layer_factory.hpp:77] Creating layer fc7
I0629 19:04:13.215741 33690 net.cpp:107] Creating Layer fc7
I0629 19:04:13.215746 33690 net.cpp:443] fc7 <- fc6
I0629 19:04:13.215770 33690 net.cpp:417] fc7 -> fc7
I0629 19:04:13.240303 33690 net.cpp:157] Setting up fc7
I0629 19:04:13.240341 33690 net.cpp:164] Top shape: 10 4096 (40960)
I0629 19:04:13.240345 33690 net.cpp:172] Memory required for data: 661647360
I0629 19:04:13.240353 33690 layer_factory.hpp:77] Creating layer fc8
I0629 19:04:13.240365 33690 net.cpp:107] Creating Layer fc8
I0629 19:04:13.240368 33690 net.cpp:443] fc8 <- fc7
I0629 19:04:13.240373 33690 net.cpp:417] fc8 -> fc8
I0629 19:04:13.245214 33690 net.cpp:157] Setting up fc8
I0629 19:04:13.245223 33690 net.cpp:164] Top shape: 10 1000 (10000)
I0629 19:04:13.245226 33690 net.cpp:172] Memory required for data: 661687360
I0629 19:04:13.245242 33690 net.cpp:236] fc8 does not need backward computation.
I0629 19:04:13.245249 33690 net.cpp:236] fc7 does not need backward computation.
I0629 19:04:13.245252 33690 net.cpp:236] fc6 does not need backward computation.
I0629 19:04:13.245255 33690 net.cpp:236] pool5/2x2_s2 does not need backward computation.
I0629 19:04:13.245259 33690 net.cpp:236] conv8/relu does not need backward computation.
I0629 19:04:13.245261 33690 net.cpp:236] conv8/3x3_s1 does not need backward computation.
I0629 19:04:13.245276 33690 net.cpp:236] conv7/relu does not need backward computation.
I0629 19:04:13.245280 33690 net.cpp:236] conv7/3x3_s1 does not need backward computation.
I0629 19:04:13.245282 33690 net.cpp:236] pool4/2x2_s2 does not need backward computation.
I0629 19:04:13.245286 33690 net.cpp:236] conv6/relu does not need backward computation.
I0629 19:04:13.245290 33690 net.cpp:236] conv6/3x3_s1 does not need backward computation.
I0629 19:04:13.245292 33690 net.cpp:236] conv5/relu does not need backward computation.
I0629 19:04:13.245296 33690 net.cpp:236] conv5/3x3_s1 does not need backward computation.
I0629 19:04:13.245298 33690 net.cpp:236] pool3/2x2_s2 does not need backward computation.
I0629 19:04:13.245301 33690 net.cpp:236] conv4/relu does not need backward computation.
I0629 19:04:13.245304 33690 net.cpp:236] conv4/3x3_s1 does not need backward computation.
I0629 19:04:13.245323 33690 net.cpp:236] conv3/relu does not need backward computation.
I0629 19:04:13.245326 33690 net.cpp:236] conv3/3x3_s1 does not need backward computation.
I0629 19:04:13.245329 33690 net.cpp:236] pool2/2x2_s2 does not need backward computation.
I0629 19:04:13.245332 33690 net.cpp:236] conv2/relu does not need backward computation.
I0629 19:04:13.245335 33690 net.cpp:236] conv2/3x3_s1 does not need backward computation.
I0629 19:04:13.245338 33690 net.cpp:236] pool1/2x2_s2 does not need backward computation.
I0629 19:04:13.245342 33690 net.cpp:236] conv1/relu does not need backward computation.
I0629 19:04:13.245344 33690 net.cpp:236] conv1/3x3_s1 does not need backward computation.
I0629 19:04:13.245347 33690 net.cpp:236] input does not need backward computation.
I0629 19:04:13.245353 33690 net.cpp:278] This network produces output fc8
I0629 19:04:13.245365 33690 net.cpp:292] Network initialization done.
I0629 19:04:13.245463 33690 caffe.cpp:422] Performing Forward
I0629 19:04:13.791700 33690 caffe.cpp:427] Initial loss: 0
I0629 19:04:13.791824 33690 caffe.cpp:428] Performing Backward
I0629 19:04:14.907670 33690 caffe.cpp:436] *** Benchmark begins ***
I0629 19:04:14.907757 33690 caffe.cpp:437] Testing for 50 iterations.
I0629 19:04:16.200770 33690 caffe.cpp:465] Iteration: 1 forward-backward time: 1292 ms.
I0629 19:04:17.494699 33690 caffe.cpp:465] Iteration: 2 forward-backward time: 1293 ms.
I0629 19:04:18.796746 33690 caffe.cpp:465] Iteration: 3 forward-backward time: 1301 ms.
I0629 19:04:20.094214 33690 caffe.cpp:465] Iteration: 4 forward-backward time: 1297 ms.
I0629 19:04:21.396333 33690 caffe.cpp:465] Iteration: 5 forward-backward time: 1301 ms.
I0629 19:04:22.695677 33690 caffe.cpp:465] Iteration: 6 forward-backward time: 1299 ms.
I0629 19:04:23.994916 33690 caffe.cpp:465] Iteration: 7 forward-backward time: 1299 ms.
I0629 19:04:25.296458 33690 caffe.cpp:465] Iteration: 8 forward-backward time: 1301 ms.
I0629 19:04:26.598197 33690 caffe.cpp:465] Iteration: 9 forward-backward time: 1301 ms.
I0629 19:04:27.901907 33690 caffe.cpp:465] Iteration: 10 forward-backward time: 1303 ms.
I0629 19:04:29.204818 33690 caffe.cpp:465] Iteration: 11 forward-backward time: 1302 ms.
I0629 19:04:30.508543 33690 caffe.cpp:465] Iteration: 12 forward-backward time: 1303 ms.
I0629 19:04:31.810673 33690 caffe.cpp:465] Iteration: 13 forward-backward time: 1302 ms.
I0629 19:04:33.114114 33690 caffe.cpp:465] Iteration: 14 forward-backward time: 1303 ms.
I0629 19:04:34.419947 33690 caffe.cpp:465] Iteration: 15 forward-backward time: 1305 ms.
I0629 19:04:35.722409 33690 caffe.cpp:465] Iteration: 16 forward-backward time: 1302 ms.
I0629 19:04:37.026739 33690 caffe.cpp:465] Iteration: 17 forward-backward time: 1304 ms.
I0629 19:04:38.332635 33690 caffe.cpp:465] Iteration: 18 forward-backward time: 1305 ms.
I0629 19:04:39.643491 33690 caffe.cpp:465] Iteration: 19 forward-backward time: 1310 ms.
I0629 19:04:40.948186 33690 caffe.cpp:465] Iteration: 20 forward-backward time: 1304 ms.
I0629 19:04:42.253681 33690 caffe.cpp:465] Iteration: 21 forward-backward time: 1305 ms.
I0629 19:04:43.558729 33690 caffe.cpp:465] Iteration: 22 forward-backward time: 1304 ms.
I0629 19:04:44.864598 33690 caffe.cpp:465] Iteration: 23 forward-backward time: 1304 ms.
I0629 19:04:46.169922 33690 caffe.cpp:465] Iteration: 24 forward-backward time: 1305 ms.
I0629 19:04:47.478885 33690 caffe.cpp:465] Iteration: 25 forward-backward time: 1308 ms.
I0629 19:04:48.785118 33690 caffe.cpp:465] Iteration: 26 forward-backward time: 1306 ms.
I0629 19:04:50.092660 33690 caffe.cpp:465] Iteration: 27 forward-backward time: 1307 ms.
I0629 19:04:51.399488 33690 caffe.cpp:465] Iteration: 28 forward-backward time: 1306 ms.
I0629 19:04:52.707185 33690 caffe.cpp:465] Iteration: 29 forward-backward time: 1307 ms.
I0629 19:04:54.016834 33690 caffe.cpp:465] Iteration: 30 forward-backward time: 1309 ms.
I0629 19:04:55.326036 33690 caffe.cpp:465] Iteration: 31 forward-backward time: 1309 ms.
I0629 19:04:56.636201 33690 caffe.cpp:465] Iteration: 32 forward-backward time: 1310 ms.
I0629 19:04:57.943666 33690 caffe.cpp:465] Iteration: 33 forward-backward time: 1307 ms.
I0629 19:04:59.250820 33690 caffe.cpp:465] Iteration: 34 forward-backward time: 1307 ms.
I0629 19:05:00.560667 33690 caffe.cpp:465] Iteration: 35 forward-backward time: 1309 ms.
I0629 19:05:01.886373 33690 caffe.cpp:465] Iteration: 36 forward-backward time: 1325 ms.
I0629 19:05:03.199241 33690 caffe.cpp:465] Iteration: 37 forward-backward time: 1312 ms.
I0629 19:05:04.507995 33690 caffe.cpp:465] Iteration: 38 forward-backward time: 1308 ms.
I0629 19:05:05.818156 33690 caffe.cpp:465] Iteration: 39 forward-backward time: 1310 ms.
I0629 19:05:07.130348 33690 caffe.cpp:465] Iteration: 40 forward-backward time: 1312 ms.
I0629 19:05:08.441602 33690 caffe.cpp:465] Iteration: 41 forward-backward time: 1311 ms.
I0629 19:05:09.756367 33690 caffe.cpp:465] Iteration: 42 forward-backward time: 1314 ms.
I0629 19:05:11.069087 33690 caffe.cpp:465] Iteration: 43 forward-backward time: 1312 ms.
I0629 19:05:12.382655 33690 caffe.cpp:465] Iteration: 44 forward-backward time: 1313 ms.
I0629 19:05:13.699034 33690 caffe.cpp:465] Iteration: 45 forward-backward time: 1316 ms.
I0629 19:05:15.013756 33690 caffe.cpp:465] Iteration: 46 forward-backward time: 1314 ms.
I0629 19:05:16.328263 33690 caffe.cpp:465] Iteration: 47 forward-backward time: 1314 ms.
I0629 19:05:17.642164 33690 caffe.cpp:465] Iteration: 48 forward-backward time: 1313 ms.
I0629 19:05:18.955816 33690 caffe.cpp:465] Iteration: 49 forward-backward time: 1313 ms.
I0629 19:05:20.270267 33690 caffe.cpp:465] Iteration: 50 forward-backward time: 1314 ms.
I0629 19:05:20.270382 33690 caffe.cpp:468] Average time per layer: 
I0629 19:05:20.270409 33690 caffe.cpp:471]      input	forward: 0.00148 ms.
I0629 19:05:20.270437 33690 caffe.cpp:474]      input	backward: 0.00174 ms.
I0629 19:05:20.270463 33690 caffe.cpp:471] conv1/3x3_s1	forward: 24.0111 ms.
I0629 19:05:20.270488 33690 caffe.cpp:474] conv1/3x3_s1	backward: 28.2039 ms.
I0629 19:05:20.270512 33690 caffe.cpp:471] conv1/relu	forward: 3.68624 ms.
I0629 19:05:20.270541 33690 caffe.cpp:474] conv1/relu	backward: 5.4676 ms.
I0629 19:05:20.270566 33690 caffe.cpp:471] pool1/2x2_s2	forward: 4.48232 ms.
I0629 19:05:20.270588 33690 caffe.cpp:474] pool1/2x2_s2	backward: 7.35774 ms.
I0629 19:05:20.270620 33690 caffe.cpp:471] conv2/3x3_s1	forward: 60.8366 ms.
I0629 19:05:20.270650 33690 caffe.cpp:474] conv2/3x3_s1	backward: 117.305 ms.
I0629 19:05:20.270681 33690 caffe.cpp:471] conv2/relu	forward: 1.4003 ms.
I0629 19:05:20.270712 33690 caffe.cpp:474] conv2/relu	backward: 2.70094 ms.
I0629 19:05:20.270746 33690 caffe.cpp:471] pool2/2x2_s2	forward: 2.18098 ms.
I0629 19:05:20.270781 33690 caffe.cpp:474] pool2/2x2_s2	backward: 3.64852 ms.
I0629 19:05:20.270810 33690 caffe.cpp:471] conv3/3x3_s1	forward: 46.6191 ms.
I0629 19:05:20.270843 33690 caffe.cpp:474] conv3/3x3_s1	backward: 95.6659 ms.
I0629 19:05:20.270871 33690 caffe.cpp:471] conv3/relu	forward: 0.70408 ms.
I0629 19:05:20.270900 33690 caffe.cpp:474] conv3/relu	backward: 1.3146 ms.
I0629 19:05:20.270931 33690 caffe.cpp:471] conv4/3x3_s1	forward: 92.1542 ms.
I0629 19:05:20.270961 33690 caffe.cpp:474] conv4/3x3_s1	backward: 190.948 ms.
I0629 19:05:20.270992 33690 caffe.cpp:471] conv4/relu	forward: 0.61468 ms.
I0629 19:05:20.271023 33690 caffe.cpp:474] conv4/relu	backward: 0.97448 ms.
I0629 19:05:20.271054 33690 caffe.cpp:471] pool3/2x2_s2	forward: 0.55766 ms.
I0629 19:05:20.271085 33690 caffe.cpp:474] pool3/2x2_s2	backward: 1.15272 ms.
I0629 19:05:20.271114 33690 caffe.cpp:471] conv5/3x3_s1	forward: 42.2321 ms.
I0629 19:05:20.271144 33690 caffe.cpp:474] conv5/3x3_s1	backward: 93.7215 ms.
I0629 19:05:20.271174 33690 caffe.cpp:471] conv5/relu	forward: 0.37458 ms.
I0629 19:05:20.271203 33690 caffe.cpp:474] conv5/relu	backward: 0.63808 ms.
I0629 19:05:20.271231 33690 caffe.cpp:471] conv6/3x3_s1	forward: 83.6521 ms.
I0629 19:05:20.271260 33690 caffe.cpp:474] conv6/3x3_s1	backward: 185.954 ms.
I0629 19:05:20.271306 33690 caffe.cpp:471] conv6/relu	forward: 0.3471 ms.
I0629 19:05:20.271338 33690 caffe.cpp:474] conv6/relu	backward: 0.38586 ms.
I0629 19:05:20.271368 33690 caffe.cpp:471] pool4/2x2_s2	forward: 0.24738 ms.
I0629 19:05:20.271399 33690 caffe.cpp:474] pool4/2x2_s2	backward: 0.58092 ms.
I0629 19:05:20.271426 33690 caffe.cpp:471] conv7/3x3_s1	forward: 22.2186 ms.
I0629 19:05:20.271457 33690 caffe.cpp:474] conv7/3x3_s1	backward: 61.133 ms.
I0629 19:05:20.271487 33690 caffe.cpp:471] conv7/relu	forward: 0.167 ms.
I0629 19:05:20.271517 33690 caffe.cpp:474] conv7/relu	backward: 0.25032 ms.
I0629 19:05:20.271617 33690 caffe.cpp:471] conv8/3x3_s1	forward: 22.2753 ms.
I0629 19:05:20.271651 33690 caffe.cpp:474] conv8/3x3_s1	backward: 61.4342 ms.
I0629 19:05:20.271682 33690 caffe.cpp:471] conv8/relu	forward: 0.1545 ms.
I0629 19:05:20.271713 33690 caffe.cpp:474] conv8/relu	backward: 0.11772 ms.
I0629 19:05:20.271740 33690 caffe.cpp:471] pool5/2x2_s2	forward: 0.0776 ms.
I0629 19:05:20.271769 33690 caffe.cpp:474] pool5/2x2_s2	backward: 0.2036 ms.
I0629 19:05:20.271796 33690 caffe.cpp:471]        fc6	forward: 8.29326 ms.
I0629 19:05:20.271824 33690 caffe.cpp:474]        fc6	backward: 23.3248 ms.
I0629 19:05:20.271858 33690 caffe.cpp:471]        fc7	forward: 2.0039 ms.
I0629 19:05:20.271913 33690 caffe.cpp:474]        fc7	backward: 3.92952 ms.
I0629 19:05:20.271941 33690 caffe.cpp:471]        fc8	forward: 0.42372 ms.
I0629 19:05:20.271970 33690 caffe.cpp:474]        fc8	backward: 0.85116 ms.
I0629 19:05:20.271999 33690 caffe.cpp:479] Average Forward pass: 419.769 ms.
I0629 19:05:20.272023 33690 caffe.cpp:481] Average Backward pass: 887.327 ms.
I0629 19:05:20.272047 33690 caffe.cpp:483] Average Forward-Backward: 1307.28 ms.
I0629 19:05:20.272071 33690 caffe.cpp:485] Total Time: 65364 ms.
I0629 19:05:20.272095 33690 caffe.cpp:486] *** Benchmark ends ***
